Determining if the pthread_create exist failed with the following output:
Change Dir: /home/gautham/programs/trials/rope_manipulation/camera_extrinsic_calibration/calib_AzureKinect_correct/build/CMakeFiles/CMakeTmp

Run Build Command(s):/usr/bin/make cmTC_37a9f/fast 
/usr/bin/make -f CMakeFiles/cmTC_37a9f.dir/build.make CMakeFiles/cmTC_37a9f.dir/build
make[1]: Entering directory '/home/gautham/programs/trials/rope_manipulation/camera_extrinsic_calibration/calib_AzureKinect_correct/build/CMakeFiles/CMakeTmp'
Building C object CMakeFiles/cmTC_37a9f.dir/CheckSymbolExists.c.o
/usr/bin/cc    -o CMakeFiles/cmTC_37a9f.dir/CheckSymbolExists.c.o   -c /home/gautham/programs/trials/rope_manipulation/camera_extrinsic_calibration/calib_AzureKinect_correct/build/CMakeFiles/CMakeTmp/CheckSymbolExists.c
Linking C executable cmTC_37a9f
/usr/local/bin/cmake -E cmake_link_script CMakeFiles/cmTC_37a9f.dir/link.txt --verbose=1
/usr/bin/cc      -rdynamic CMakeFiles/cmTC_37a9f.dir/CheckSymbolExists.c.o  -o cmTC_37a9f 
CMakeFiles/cmTC_37a9f.dir/CheckSymbolExists.c.o: In function `main':
CheckSymbolExists.c:(.text+0x16): undefined reference to `pthread_create'
collect2: error: ld returned 1 exit status
CMakeFiles/cmTC_37a9f.dir/build.make:86: recipe for target 'cmTC_37a9f' failed
make[1]: *** [cmTC_37a9f] Error 1
make[1]: Leaving directory '/home/gautham/programs/trials/rope_manipulation/camera_extrinsic_calibration/calib_AzureKinect_correct/build/CMakeFiles/CMakeTmp'
Makefile:121: recipe for target 'cmTC_37a9f/fast' failed
make: *** [cmTC_37a9f/fast] Error 2

File /home/gautham/programs/trials/rope_manipulation/camera_extrinsic_calibration/calib_AzureKinect_correct/build/CMakeFiles/CMakeTmp/CheckSymbolExists.c:
/* */
#include <pthread.h>

int main(int argc, char** argv)
{
  (void)argv;
#ifndef pthread_create
  return ((int*)(&pthread_create))[argc];
#else
  (void)argc;
  return 0;
#endif
}

Determining if the function pthread_create exists in the pthreads failed with the following output:
Change Dir: /home/gautham/programs/trials/rope_manipulation/camera_extrinsic_calibration/calib_AzureKinect_correct/build/CMakeFiles/CMakeTmp

Run Build Command(s):/usr/bin/make cmTC_6ebcf/fast 
/usr/bin/make -f CMakeFiles/cmTC_6ebcf.dir/build.make CMakeFiles/cmTC_6ebcf.dir/build
make[1]: Entering directory '/home/gautham/programs/trials/rope_manipulation/camera_extrinsic_calibration/calib_AzureKinect_correct/build/CMakeFiles/CMakeTmp'
Building C object CMakeFiles/cmTC_6ebcf.dir/CheckFunctionExists.c.o
/usr/bin/cc   -DCHECK_FUNCTION_EXISTS=pthread_create   -o CMakeFiles/cmTC_6ebcf.dir/CheckFunctionExists.c.o   -c /usr/local/share/cmake-3.14/Modules/CheckFunctionExists.c
Linking C executable cmTC_6ebcf
/usr/local/bin/cmake -E cmake_link_script CMakeFiles/cmTC_6ebcf.dir/link.txt --verbose=1
/usr/bin/cc  -DCHECK_FUNCTION_EXISTS=pthread_create    -rdynamic CMakeFiles/cmTC_6ebcf.dir/CheckFunctionExists.c.o  -o cmTC_6ebcf -lpthreads 
/usr/bin/ld: cannot find -lpthreads
collect2: error: ld returned 1 exit status
CMakeFiles/cmTC_6ebcf.dir/build.make:86: recipe for target 'cmTC_6ebcf' failed
make[1]: *** [cmTC_6ebcf] Error 1
make[1]: Leaving directory '/home/gautham/programs/trials/rope_manipulation/camera_extrinsic_calibration/calib_AzureKinect_correct/build/CMakeFiles/CMakeTmp'
Makefile:121: recipe for target 'cmTC_6ebcf/fast' failed
make: *** [cmTC_6ebcf/fast] Error 2


